[debug] [2023-02-19T04:35:31.384Z] ----------------------------------------------------------------------
[debug] [2023-02-19T04:35:31.385Z] Command:       /usr/local/bin/node /usr/local/bin/firebase serve
[debug] [2023-02-19T04:35:31.386Z] CLI Version:   11.23.1
[debug] [2023-02-19T04:35:31.386Z] Platform:      darwin
[debug] [2023-02-19T04:35:31.386Z] Node Version:  v18.13.0
[debug] [2023-02-19T04:35:31.389Z] Time:          Sat Feb 18 2023 20:35:31 GMT-0800 (Pacific Standard Time)
[debug] [2023-02-19T04:35:31.389Z] ----------------------------------------------------------------------
[debug] 
[debug] [2023-02-19T04:35:31.449Z] > command requires scopes: ["email","openid","https://www.googleapis.com/auth/cloudplatformprojects.readonly","https://www.googleapis.com/auth/firebase","https://www.googleapis.com/auth/cloud-platform"]
[debug] [2023-02-19T04:35:31.449Z] > authorizing via signed-in user (josephjanssen11@gmail.com)
[debug] [2023-02-19T04:35:31.449Z] [iam] checking project bet-free-ed319 for permissions ["firebase.projects.get"]
[debug] [2023-02-19T04:35:31.451Z] >>> [apiv2][query] POST https://cloudresourcemanager.googleapis.com/v1/projects/bet-free-ed319:testIamPermissions [none]
[debug] [2023-02-19T04:35:31.451Z] >>> [apiv2][(partial)header] POST https://cloudresourcemanager.googleapis.com/v1/projects/bet-free-ed319:testIamPermissions x-goog-quota-user=projects/bet-free-ed319
[debug] [2023-02-19T04:35:31.451Z] >>> [apiv2][body] POST https://cloudresourcemanager.googleapis.com/v1/projects/bet-free-ed319:testIamPermissions {"permissions":["firebase.projects.get"]}
[debug] [2023-02-19T04:35:31.938Z] <<< [apiv2][status] POST https://cloudresourcemanager.googleapis.com/v1/projects/bet-free-ed319:testIamPermissions 200
[debug] [2023-02-19T04:35:31.938Z] <<< [apiv2][body] POST https://cloudresourcemanager.googleapis.com/v1/projects/bet-free-ed319:testIamPermissions {"permissions":["firebase.projects.get"]}
[debug] [2023-02-19T04:35:31.939Z] >>> [apiv2][query] GET https://firebase.googleapis.com/v1beta1/projects/bet-free-ed319 [none]
[debug] [2023-02-19T04:35:32.475Z] <<< [apiv2][status] GET https://firebase.googleapis.com/v1beta1/projects/bet-free-ed319 200
[debug] [2023-02-19T04:35:32.475Z] <<< [apiv2][body] GET https://firebase.googleapis.com/v1beta1/projects/bet-free-ed319 {"projectId":"bet-free-ed319","projectNumber":"1015758483035","displayName":"bet free","name":"projects/bet-free-ed319","resources":{"hostingSite":"bet-free-ed319","storageBucket":"bet-free-ed319.appspot.com","locationId":"us-central"},"state":"ACTIVE","etag":"1_5d14d713-1955-43b1-a92c-0288b7080b97"}
[info] 
[info] === Serving from '/Users/colinbresnahan/Downloads/react-native-starter-kit-master'...
[info] 
[debug] [2023-02-19T04:35:32.478Z] >>> [apiv2][query] GET https://firebasehosting.googleapis.com/v1beta1/projects/bet-free-ed319/sites 
[debug] [2023-02-19T04:35:33.237Z] <<< [apiv2][status] GET https://firebasehosting.googleapis.com/v1beta1/projects/bet-free-ed319/sites 200
[debug] [2023-02-19T04:35:33.238Z] <<< [apiv2][body] GET https://firebasehosting.googleapis.com/v1beta1/projects/bet-free-ed319/sites {"sites":[{"name":"projects/bet-free-ed319/sites/bet-free-ed319","defaultUrl":"https://bet-free-ed319.web.app","type":"DEFAULT_SITE"}]}
[debug] [2023-02-19T04:35:33.238Z] >>> [apiv2][query] GET https://firebase.googleapis.com/v1beta1/projects/bet-free-ed319/webApps/-/config [none]
[debug] [2023-02-19T04:35:33.743Z] <<< [apiv2][status] GET https://firebase.googleapis.com/v1beta1/projects/bet-free-ed319/webApps/-/config 200
[debug] [2023-02-19T04:35:33.744Z] <<< [apiv2][body] GET https://firebase.googleapis.com/v1beta1/projects/bet-free-ed319/webApps/-/config {"projectId":"bet-free-ed319","appId":"1:1015758483035:web:dcd2e672dd0ef0dbc4597e","storageBucket":"bet-free-ed319.appspot.com","locationId":"us-central","apiKey":"AIzaSyC6UjoFNl6CAHkK05IrXccJtSM5Nmyq-TM","authDomain":"bet-free-ed319.firebaseapp.com","messagingSenderId":"1015758483035","measurementId":"G-3D3EYFPFH8"}
[debug] [2023-02-19T04:35:33.777Z] >>> [apiv2][query] GET https://firebase.googleapis.com/v1beta1/projects/bet-free-ed319 [none]
[debug] [2023-02-19T04:35:34.263Z] <<< [apiv2][status] GET https://firebase.googleapis.com/v1beta1/projects/bet-free-ed319 200
[debug] [2023-02-19T04:35:34.263Z] <<< [apiv2][body] GET https://firebase.googleapis.com/v1beta1/projects/bet-free-ed319 {"projectId":"bet-free-ed319","projectNumber":"1015758483035","displayName":"bet free","name":"projects/bet-free-ed319","resources":{"hostingSite":"bet-free-ed319","storageBucket":"bet-free-ed319.appspot.com","locationId":"us-central"},"state":"ACTIVE","etag":"1_5d14d713-1955-43b1-a92c-0288b7080b97"}
[info] i  hosting[bet-free-ed319]: Serving hosting files from: public {"metadata":{"emulator":{"name":"hosting"},"message":"Serving hosting files from: \u001b[1mpublic\u001b[22m"}}
[info] ✔  hosting[bet-free-ed319]: Local server: http://localhost:5002 {"metadata":{"emulator":{"name":"hosting"},"message":"Local server: \u001b[4m\u001b[1mhttp://localhost:5002\u001b[22m\u001b[24m"}}
[info] i  hosting: ::1 - - [19/Feb/2023:04:35:44 +0000] "GET / HTTP/1.1" 200 - "-" "Mozilla/5.0 (Macintosh; Intel Mac OS X 10_15_7) AppleWebKit/605.1.15 (KHTML, like Gecko) Version/16.3 Safari/605.1.15" {"metadata":{"emulator":{"name":"hosting"},"message":"::1 - - [19/Feb/2023:04:35:44 +0000] \"GET / HTTP/1.1\" 200 - \"-\" \"Mozilla/5.0 (Macintosh; Intel Mac OS X 10_15_7) AppleWebKit/605.1.15 (KHTML, like Gecko) Version/16.3 Safari/605.1.15\""}}
[debug] [2023-02-19T04:35:44.736Z] >>> [apiv2][query] GET https://www.gstatic.com/firebasejs/9.17.1/firebase-app-compat.js [none]
[debug] [2023-02-19T04:35:44.756Z] >>> [apiv2][query] GET https://www.gstatic.com/firebasejs/9.17.1/firebase-auth-compat.js [none]
[debug] [2023-02-19T04:35:44.759Z] >>> [apiv2][query] GET https://www.gstatic.com/firebasejs/9.17.1/firebase-functions-compat.js [none]
[debug] [2023-02-19T04:35:44.761Z] >>> [apiv2][query] GET https://www.gstatic.com/firebasejs/9.17.1/firebase-messaging-compat.js [none]
[debug] [2023-02-19T04:35:44.765Z] >>> [apiv2][query] GET https://www.gstatic.com/firebasejs/9.17.1/firebase-database-compat.js [none]
[debug] [2023-02-19T04:35:44.768Z] >>> [apiv2][query] GET https://www.gstatic.com/firebasejs/9.17.1/firebase-firestore-compat.js [none]
[debug] [2023-02-19T04:35:44.816Z] <<< [apiv2][status] GET https://www.gstatic.com/firebasejs/9.17.1/firebase-app-compat.js 200
[debug] [2023-02-19T04:35:44.816Z] <<< [apiv2][body] GET https://www.gstatic.com/firebasejs/9.17.1/firebase-app-compat.js [stream]
[info] i  hosting: ::1 - - [19/Feb/2023:04:35:44 +0000] "GET /__/firebase/9.17.1/firebase-app-compat.js HTTP/1.1" 200 9258 "http://localhost:5002/" "Mozilla/5.0 (Macintosh; Intel Mac OS X 10_15_7) AppleWebKit/605.1.15 (KHTML, like Gecko) Version/16.3 Safari/605.1.15" {"metadata":{"emulator":{"name":"hosting"},"message":"::1 - - [19/Feb/2023:04:35:44 +0000] \"GET /__/firebase/9.17.1/firebase-app-compat.js HTTP/1.1\" 200 9258 \"http://localhost:5002/\" \"Mozilla/5.0 (Macintosh; Intel Mac OS X 10_15_7) AppleWebKit/605.1.15 (KHTML, like Gecko) Version/16.3 Safari/605.1.15\""}}
[debug] [2023-02-19T04:35:44.857Z] >>> [apiv2][query] GET https://www.gstatic.com/firebasejs/9.17.1/firebase-storage-compat.js [none]
[debug] [2023-02-19T04:35:44.866Z] <<< [apiv2][status] GET https://www.gstatic.com/firebasejs/9.17.1/firebase-functions-compat.js 200
[debug] [2023-02-19T04:35:44.866Z] <<< [apiv2][body] GET https://www.gstatic.com/firebasejs/9.17.1/firebase-functions-compat.js [stream]
[info] i  hosting: ::1 - - [19/Feb/2023:04:35:44 +0000] "GET /__/firebase/9.17.1/firebase-functions-compat.js HTTP/1.1" 200 3224 "http://localhost:5002/" "Mozilla/5.0 (Macintosh; Intel Mac OS X 10_15_7) AppleWebKit/605.1.15 (KHTML, like Gecko) Version/16.3 Safari/605.1.15" {"metadata":{"emulator":{"name":"hosting"},"message":"::1 - - [19/Feb/2023:04:35:44 +0000] \"GET /__/firebase/9.17.1/firebase-functions-compat.js HTTP/1.1\" 200 3224 \"http://localhost:5002/\" \"Mozilla/5.0 (Macintosh; Intel Mac OS X 10_15_7) AppleWebKit/605.1.15 (KHTML, like Gecko) Version/16.3 Safari/605.1.15\""}}
[debug] [2023-02-19T04:35:44.877Z] <<< [apiv2][status] GET https://www.gstatic.com/firebasejs/9.17.1/firebase-auth-compat.js 200
[debug] [2023-02-19T04:35:44.877Z] <<< [apiv2][body] GET https://www.gstatic.com/firebasejs/9.17.1/firebase-auth-compat.js [stream]
[info] i  hosting: ::1 - - [19/Feb/2023:04:35:44 +0000] "GET /__/firebase/9.17.1/firebase-auth-compat.js HTTP/1.1" 200 36304 "http://localhost:5002/" "Mozilla/5.0 (Macintosh; Intel Mac OS X 10_15_7) AppleWebKit/605.1.15 (KHTML, like Gecko) Version/16.3 Safari/605.1.15" {"metadata":{"emulator":{"name":"hosting"},"message":"::1 - - [19/Feb/2023:04:35:44 +0000] \"GET /__/firebase/9.17.1/firebase-auth-compat.js HTTP/1.1\" 200 36304 \"http://localhost:5002/\" \"Mozilla/5.0 (Macintosh; Intel Mac OS X 10_15_7) AppleWebKit/605.1.15 (KHTML, like Gecko) Version/16.3 Safari/605.1.15\""}}
[debug] [2023-02-19T04:35:44.898Z] <<< [apiv2][status] GET https://www.gstatic.com/firebasejs/9.17.1/firebase-messaging-compat.js 200
[debug] [2023-02-19T04:35:44.899Z] <<< [apiv2][body] GET https://www.gstatic.com/firebasejs/9.17.1/firebase-messaging-compat.js [stream]
[info] i  hosting: ::1 - - [19/Feb/2023:04:35:44 +0000] "GET /__/firebase/9.17.1/firebase-messaging-compat.js HTTP/1.1" 200 9925 "http://localhost:5002/" "Mozilla/5.0 (Macintosh; Intel Mac OS X 10_15_7) AppleWebKit/605.1.15 (KHTML, like Gecko) Version/16.3 Safari/605.1.15" {"metadata":{"emulator":{"name":"hosting"},"message":"::1 - - [19/Feb/2023:04:35:44 +0000] \"GET /__/firebase/9.17.1/firebase-messaging-compat.js HTTP/1.1\" 200 9925 \"http://localhost:5002/\" \"Mozilla/5.0 (Macintosh; Intel Mac OS X 10_15_7) AppleWebKit/605.1.15 (KHTML, like Gecko) Version/16.3 Safari/605.1.15\""}}
[debug] [2023-02-19T04:35:44.950Z] >>> [apiv2][query] GET https://www.gstatic.com/firebasejs/9.17.1/firebase-analytics-compat.js [none]
[debug] [2023-02-19T04:35:44.953Z] >>> [apiv2][query] GET https://www.gstatic.com/firebasejs/9.17.1/firebase-remote-config-compat.js [none]
[debug] [2023-02-19T04:35:44.957Z] >>> [apiv2][query] GET https://www.gstatic.com/firebasejs/9.17.1/firebase-performance-compat.js [none]
[debug] [2023-02-19T04:35:44.983Z] <<< [apiv2][status] GET https://www.gstatic.com/firebasejs/9.17.1/firebase-database-compat.js 200
[debug] [2023-02-19T04:35:44.983Z] <<< [apiv2][body] GET https://www.gstatic.com/firebasejs/9.17.1/firebase-database-compat.js [stream]
[info] i  hosting: ::1 - - [19/Feb/2023:04:35:44 +0000] "GET /__/firebase/9.17.1/firebase-database-compat.js HTTP/1.1" 200 47916 "http://localhost:5002/" "Mozilla/5.0 (Macintosh; Intel Mac OS X 10_15_7) AppleWebKit/605.1.15 (KHTML, like Gecko) Version/16.3 Safari/605.1.15" {"metadata":{"emulator":{"name":"hosting"},"message":"::1 - - [19/Feb/2023:04:35:44 +0000] \"GET /__/firebase/9.17.1/firebase-database-compat.js HTTP/1.1\" 200 47916 \"http://localhost:5002/\" \"Mozilla/5.0 (Macintosh; Intel Mac OS X 10_15_7) AppleWebKit/605.1.15 (KHTML, like Gecko) Version/16.3 Safari/605.1.15\""}}
[info] i  hosting: ::1 - - [19/Feb/2023:04:35:44 +0000] "GET /__/firebase/init.js?useEmulator=true HTTP/1.1" 200 - "http://localhost:5002/" "Mozilla/5.0 (Macintosh; Intel Mac OS X 10_15_7) AppleWebKit/605.1.15 (KHTML, like Gecko) Version/16.3 Safari/605.1.15" {"metadata":{"emulator":{"name":"hosting"},"message":"::1 - - [19/Feb/2023:04:35:44 +0000] \"GET /__/firebase/init.js?useEmulator=true HTTP/1.1\" 200 - \"http://localhost:5002/\" \"Mozilla/5.0 (Macintosh; Intel Mac OS X 10_15_7) AppleWebKit/605.1.15 (KHTML, like Gecko) Version/16.3 Safari/605.1.15\""}}
[debug] [2023-02-19T04:35:44.998Z] <<< [apiv2][status] GET https://www.gstatic.com/firebasejs/9.17.1/firebase-firestore-compat.js 200
[debug] [2023-02-19T04:35:44.998Z] <<< [apiv2][body] GET https://www.gstatic.com/firebasejs/9.17.1/firebase-firestore-compat.js [stream]
[debug] [2023-02-19T04:35:45.005Z] <<< [apiv2][status] GET https://www.gstatic.com/firebasejs/9.17.1/firebase-storage-compat.js 200
[debug] [2023-02-19T04:35:45.005Z] <<< [apiv2][body] GET https://www.gstatic.com/firebasejs/9.17.1/firebase-storage-compat.js [stream]
[info] i  hosting: ::1 - - [19/Feb/2023:04:35:45 +0000] "GET /__/firebase/9.17.1/firebase-storage-compat.js HTTP/1.1" 200 13293 "http://localhost:5002/" "Mozilla/5.0 (Macintosh; Intel Mac OS X 10_15_7) AppleWebKit/605.1.15 (KHTML, like Gecko) Version/16.3 Safari/605.1.15" {"metadata":{"emulator":{"name":"hosting"},"message":"::1 - - [19/Feb/2023:04:35:45 +0000] \"GET /__/firebase/9.17.1/firebase-storage-compat.js HTTP/1.1\" 200 13293 \"http://localhost:5002/\" \"Mozilla/5.0 (Macintosh; Intel Mac OS X 10_15_7) AppleWebKit/605.1.15 (KHTML, like Gecko) Version/16.3 Safari/605.1.15\""}}
[info] i  hosting: ::1 - - [19/Feb/2023:04:35:45 +0000] "GET /__/firebase/9.17.1/firebase-firestore-compat.js HTTP/1.1" 200 95313 "http://localhost:5002/" "Mozilla/5.0 (Macintosh; Intel Mac OS X 10_15_7) AppleWebKit/605.1.15 (KHTML, like Gecko) Version/16.3 Safari/605.1.15" {"metadata":{"emulator":{"name":"hosting"},"message":"::1 - - [19/Feb/2023:04:35:45 +0000] \"GET /__/firebase/9.17.1/firebase-firestore-compat.js HTTP/1.1\" 200 95313 \"http://localhost:5002/\" \"Mozilla/5.0 (Macintosh; Intel Mac OS X 10_15_7) AppleWebKit/605.1.15 (KHTML, like Gecko) Version/16.3 Safari/605.1.15\""}}
[debug] [2023-02-19T04:35:45.464Z] <<< [apiv2][status] GET https://www.gstatic.com/firebasejs/9.17.1/firebase-analytics-compat.js 200
[debug] [2023-02-19T04:35:45.465Z] <<< [apiv2][body] GET https://www.gstatic.com/firebasejs/9.17.1/firebase-analytics-compat.js [stream]
[debug] [2023-02-19T04:35:45.469Z] <<< [apiv2][status] GET https://www.gstatic.com/firebasejs/9.17.1/firebase-performance-compat.js 200
[debug] [2023-02-19T04:35:45.469Z] <<< [apiv2][body] GET https://www.gstatic.com/firebasejs/9.17.1/firebase-performance-compat.js [stream]
[info] i  hosting: ::1 - - [19/Feb/2023:04:35:45 +0000] "GET /__/firebase/9.17.1/firebase-analytics-compat.js HTTP/1.1" 200 25820 "http://localhost:5002/" "Mozilla/5.0 (Macintosh; Intel Mac OS X 10_15_7) AppleWebKit/605.1.15 (KHTML, like Gecko) Version/16.3 Safari/605.1.15" {"metadata":{"emulator":{"name":"hosting"},"message":"::1 - - [19/Feb/2023:04:35:45 +0000] \"GET /__/firebase/9.17.1/firebase-analytics-compat.js HTTP/1.1\" 200 25820 \"http://localhost:5002/\" \"Mozilla/5.0 (Macintosh; Intel Mac OS X 10_15_7) AppleWebKit/605.1.15 (KHTML, like Gecko) Version/16.3 Safari/605.1.15\""}}
[info] i  hosting: ::1 - - [19/Feb/2023:04:35:45 +0000] "GET /__/firebase/9.17.1/firebase-performance-compat.js HTTP/1.1" 200 30748 "http://localhost:5002/" "Mozilla/5.0 (Macintosh; Intel Mac OS X 10_15_7) AppleWebKit/605.1.15 (KHTML, like Gecko) Version/16.3 Safari/605.1.15" {"metadata":{"emulator":{"name":"hosting"},"message":"::1 - - [19/Feb/2023:04:35:45 +0000] \"GET /__/firebase/9.17.1/firebase-performance-compat.js HTTP/1.1\" 200 30748 \"http://localhost:5002/\" \"Mozilla/5.0 (Macintosh; Intel Mac OS X 10_15_7) AppleWebKit/605.1.15 (KHTML, like Gecko) Version/16.3 Safari/605.1.15\""}}
[debug] [2023-02-19T04:35:45.483Z] <<< [apiv2][status] GET https://www.gstatic.com/firebasejs/9.17.1/firebase-remote-config-compat.js 200
[debug] [2023-02-19T04:35:45.483Z] <<< [apiv2][body] GET https://www.gstatic.com/firebasejs/9.17.1/firebase-remote-config-compat.js [stream]
[info] i  hosting: ::1 - - [19/Feb/2023:04:35:45 +0000] "GET /__/firebase/9.17.1/firebase-remote-config-compat.js HTTP/1.1" 200 27216 "http://localhost:5002/" "Mozilla/5.0 (Macintosh; Intel Mac OS X 10_15_7) AppleWebKit/605.1.15 (KHTML, like Gecko) Version/16.3 Safari/605.1.15" {"metadata":{"emulator":{"name":"hosting"},"message":"::1 - - [19/Feb/2023:04:35:45 +0000] \"GET /__/firebase/9.17.1/firebase-remote-config-compat.js HTTP/1.1\" 200 27216 \"http://localhost:5002/\" \"Mozilla/5.0 (Macintosh; Intel Mac OS X 10_15_7) AppleWebKit/605.1.15 (KHTML, like Gecko) Version/16.3 Safari/605.1.15\""}}
[info] i  hosting: ::1 - - [19/Feb/2023:04:35:45 +0000] "GET /favicon.ico HTTP/1.1" 200 - "http://localhost:5002/" "Mozilla/5.0 (Macintosh; Intel Mac OS X 10_15_7) AppleWebKit/605.1.15 (KHTML, like Gecko) Version/16.3 Safari/605.1.15" {"metadata":{"emulator":{"name":"hosting"},"message":"::1 - - [19/Feb/2023:04:35:45 +0000] \"GET /favicon.ico HTTP/1.1\" 200 - \"http://localhost:5002/\" \"Mozilla/5.0 (Macintosh; Intel Mac OS X 10_15_7) AppleWebKit/605.1.15 (KHTML, like Gecko) Version/16.3 Safari/605.1.15\""}}
[info] i  hosting: ::1 - - [19/Feb/2023:04:37:42 +0000] "GET / HTTP/1.1" 200 - "-" "Mozilla/5.0 (Macintosh; Intel Mac OS X 10_15_7) AppleWebKit/605.1.15 (KHTML, like Gecko) Version/16.3 Safari/605.1.15" {"metadata":{"emulator":{"name":"hosting"},"message":"::1 - - [19/Feb/2023:04:37:42 +0000] \"GET / HTTP/1.1\" 200 - \"-\" \"Mozilla/5.0 (Macintosh; Intel Mac OS X 10_15_7) AppleWebKit/605.1.15 (KHTML, like Gecko) Version/16.3 Safari/605.1.15\""}}
[info] i  hosting: ::1 - - [19/Feb/2023:04:37:42 +0000] "GET /__/firebase/init.js?useEmulator=true HTTP/1.1" 200 - "http://localhost:5002/" "Mozilla/5.0 (Macintosh; Intel Mac OS X 10_15_7) AppleWebKit/605.1.15 (KHTML, like Gecko) Version/16.3 Safari/605.1.15" {"metadata":{"emulator":{"name":"hosting"},"message":"::1 - - [19/Feb/2023:04:37:42 +0000] \"GET /__/firebase/init.js?useEmulator=true HTTP/1.1\" 200 - \"http://localhost:5002/\" \"Mozilla/5.0 (Macintosh; Intel Mac OS X 10_15_7) AppleWebKit/605.1.15 (KHTML, like Gecko) Version/16.3 Safari/605.1.15\""}}
[info] i  hosting: ::1 - - [19/Feb/2023:04:37:42 +0000] "GET /App.js HTTP/1.1" 200 - "http://localhost:5002/" "Mozilla/5.0 (Macintosh; Intel Mac OS X 10_15_7) AppleWebKit/605.1.15 (KHTML, like Gecko) Version/16.3 Safari/605.1.15" {"metadata":{"emulator":{"name":"hosting"},"message":"::1 - - [19/Feb/2023:04:37:42 +0000] \"GET /App.js HTTP/1.1\" 200 - \"http://localhost:5002/\" \"Mozilla/5.0 (Macintosh; Intel Mac OS X 10_15_7) AppleWebKit/605.1.15 (KHTML, like Gecko) Version/16.3 Safari/605.1.15\""}}
[debug] [2023-02-19T04:38:33.295Z] ----------------------------------------------------------------------
[debug] [2023-02-19T04:38:33.297Z] Command:       /usr/local/bin/node /usr/local/bin/firebase serve
[debug] [2023-02-19T04:38:33.297Z] CLI Version:   11.23.1
[debug] [2023-02-19T04:38:33.297Z] Platform:      darwin
[debug] [2023-02-19T04:38:33.297Z] Node Version:  v18.13.0
[debug] [2023-02-19T04:38:33.299Z] Time:          Sat Feb 18 2023 20:38:33 GMT-0800 (Pacific Standard Time)
[debug] [2023-02-19T04:38:33.299Z] ----------------------------------------------------------------------
[debug] 
[debug] [2023-02-19T04:38:33.355Z] > command requires scopes: ["email","openid","https://www.googleapis.com/auth/cloudplatformprojects.readonly","https://www.googleapis.com/auth/firebase","https://www.googleapis.com/auth/cloud-platform"]
[debug] [2023-02-19T04:38:33.355Z] > authorizing via signed-in user (josephjanssen11@gmail.com)
[debug] [2023-02-19T04:38:33.355Z] [iam] checking project bet-free-ed319 for permissions ["firebase.projects.get"]
[debug] [2023-02-19T04:38:33.357Z] >>> [apiv2][query] POST https://cloudresourcemanager.googleapis.com/v1/projects/bet-free-ed319:testIamPermissions [none]
[debug] [2023-02-19T04:38:33.357Z] >>> [apiv2][(partial)header] POST https://cloudresourcemanager.googleapis.com/v1/projects/bet-free-ed319:testIamPermissions x-goog-quota-user=projects/bet-free-ed319
[debug] [2023-02-19T04:38:33.357Z] >>> [apiv2][body] POST https://cloudresourcemanager.googleapis.com/v1/projects/bet-free-ed319:testIamPermissions {"permissions":["firebase.projects.get"]}
[debug] [2023-02-19T04:38:33.746Z] <<< [apiv2][status] POST https://cloudresourcemanager.googleapis.com/v1/projects/bet-free-ed319:testIamPermissions 200
[debug] [2023-02-19T04:38:33.746Z] <<< [apiv2][body] POST https://cloudresourcemanager.googleapis.com/v1/projects/bet-free-ed319:testIamPermissions {"permissions":["firebase.projects.get"]}
[debug] [2023-02-19T04:38:33.747Z] >>> [apiv2][query] GET https://firebase.googleapis.com/v1beta1/projects/bet-free-ed319 [none]
[debug] [2023-02-19T04:38:34.169Z] <<< [apiv2][status] GET https://firebase.googleapis.com/v1beta1/projects/bet-free-ed319 200
[debug] [2023-02-19T04:38:34.170Z] <<< [apiv2][body] GET https://firebase.googleapis.com/v1beta1/projects/bet-free-ed319 {"projectId":"bet-free-ed319","projectNumber":"1015758483035","displayName":"bet free","name":"projects/bet-free-ed319","resources":{"hostingSite":"bet-free-ed319","storageBucket":"bet-free-ed319.appspot.com","locationId":"us-central"},"state":"ACTIVE","etag":"1_5d14d713-1955-43b1-a92c-0288b7080b97"}
[info] 
[info] === Serving from '/Users/colinbresnahan/Downloads/react-native-starter-kit-master'...
[info] 
[debug] [2023-02-19T04:38:34.175Z] >>> [apiv2][query] GET https://firebasehosting.googleapis.com/v1beta1/projects/bet-free-ed319/sites 
[debug] [2023-02-19T04:38:34.688Z] <<< [apiv2][status] GET https://firebasehosting.googleapis.com/v1beta1/projects/bet-free-ed319/sites 200
[debug] [2023-02-19T04:38:34.688Z] <<< [apiv2][body] GET https://firebasehosting.googleapis.com/v1beta1/projects/bet-free-ed319/sites {"sites":[{"name":"projects/bet-free-ed319/sites/bet-free-ed319","defaultUrl":"https://bet-free-ed319.web.app","type":"DEFAULT_SITE"}]}
[debug] [2023-02-19T04:38:34.689Z] >>> [apiv2][query] GET https://firebase.googleapis.com/v1beta1/projects/bet-free-ed319/webApps/-/config [none]
[debug] [2023-02-19T04:38:35.213Z] <<< [apiv2][status] GET https://firebase.googleapis.com/v1beta1/projects/bet-free-ed319/webApps/-/config 200
[debug] [2023-02-19T04:38:35.213Z] <<< [apiv2][body] GET https://firebase.googleapis.com/v1beta1/projects/bet-free-ed319/webApps/-/config {"projectId":"bet-free-ed319","appId":"1:1015758483035:web:dcd2e672dd0ef0dbc4597e","storageBucket":"bet-free-ed319.appspot.com","locationId":"us-central","apiKey":"AIzaSyC6UjoFNl6CAHkK05IrXccJtSM5Nmyq-TM","authDomain":"bet-free-ed319.firebaseapp.com","messagingSenderId":"1015758483035","measurementId":"G-3D3EYFPFH8"}
[debug] [2023-02-19T04:38:35.242Z] >>> [apiv2][query] GET https://firebase.googleapis.com/v1beta1/projects/bet-free-ed319 [none]
[debug] [2023-02-19T04:38:35.605Z] <<< [apiv2][status] GET https://firebase.googleapis.com/v1beta1/projects/bet-free-ed319 200
[debug] [2023-02-19T04:38:35.605Z] <<< [apiv2][body] GET https://firebase.googleapis.com/v1beta1/projects/bet-free-ed319 {"projectId":"bet-free-ed319","projectNumber":"1015758483035","displayName":"bet free","name":"projects/bet-free-ed319","resources":{"hostingSite":"bet-free-ed319","storageBucket":"bet-free-ed319.appspot.com","locationId":"us-central"},"state":"ACTIVE","etag":"1_5d14d713-1955-43b1-a92c-0288b7080b97"}
[info] i  hosting[bet-free-ed319]: Serving hosting files from: public {"metadata":{"emulator":{"name":"hosting"},"message":"Serving hosting files from: \u001b[1mpublic\u001b[22m"}}
[info] ✔  hosting[bet-free-ed319]: Local server: http://localhost:5002 {"metadata":{"emulator":{"name":"hosting"},"message":"Local server: \u001b[4m\u001b[1mhttp://localhost:5002\u001b[22m\u001b[24m"}}
[info] i  hosting: ::1 - - [19/Feb/2023:04:38:42 +0000] "GET / HTTP/1.1" 404 139 "-" "Mozilla/5.0 (Macintosh; Intel Mac OS X 10_15_7) AppleWebKit/605.1.15 (KHTML, like Gecko) Version/16.3 Safari/605.1.15" {"metadata":{"emulator":{"name":"hosting"},"message":"::1 - - [19/Feb/2023:04:38:42 +0000] \"GET / HTTP/1.1\" 404 139 \"-\" \"Mozilla/5.0 (Macintosh; Intel Mac OS X 10_15_7) AppleWebKit/605.1.15 (KHTML, like Gecko) Version/16.3 Safari/605.1.15\""}}
[info] i  hosting: ::1 - - [19/Feb/2023:04:41:09 +0000] "GET / HTTP/1.1" 404 139 "-" "Mozilla/5.0 (Macintosh; Intel Mac OS X 10_15_7) AppleWebKit/605.1.15 (KHTML, like Gecko) Version/16.3 Safari/605.1.15" {"metadata":{"emulator":{"name":"hosting"},"message":"::1 - - [19/Feb/2023:04:41:09 +0000] \"GET / HTTP/1.1\" 404 139 \"-\" \"Mozilla/5.0 (Macintosh; Intel Mac OS X 10_15_7) AppleWebKit/605.1.15 (KHTML, like Gecko) Version/16.3 Safari/605.1.15\""}}
[info] i  hosting: ::1 - - [19/Feb/2023:04:41:12 +0000] "GET / HTTP/1.1" 404 139 "-" "Mozilla/5.0 (Macintosh; Intel Mac OS X 10_15_7) AppleWebKit/605.1.15 (KHTML, like Gecko) Version/16.3 Safari/605.1.15" {"metadata":{"emulator":{"name":"hosting"},"message":"::1 - - [19/Feb/2023:04:41:12 +0000] \"GET / HTTP/1.1\" 404 139 \"-\" \"Mozilla/5.0 (Macintosh; Intel Mac OS X 10_15_7) AppleWebKit/605.1.15 (KHTML, like Gecko) Version/16.3 Safari/605.1.15\""}}
